<?xml version="1.0" encoding="UTF-8"?>
<!-- Generated by org.testng.reporters.JUnitReportReporter -->
<testsuite hostname="DESKTOP-FBMB0MM" failures="0" tests="1" name="com.crm.autodesk.ContactsTests.TC_01_CrateContactWithOrganizationTest" time="29.897" errors="0" timestamp="2021-09-24T19:15:35 IST" skipped="0">
  <testcase classname="com.crm.autodesk.ContactsTests.TC_01_CrateContactWithOrganizationTest" name="creatcontactwithorganizationTest" time="29.897"/>
  <system-out/>
</testsuite> <!-- com.crm.autodesk.ContactsTests.TC_01_CrateContactWithOrganizationTest -->
