<?xml version="1.0" encoding="UTF-8"?>
<!-- Generated by org.testng.reporters.JUnitReportReporter -->
<testsuite hostname="DESKTOP-FBMB0MM" failures="0" tests="2" name="com.crm.autodesk.OpportunitiesTests.TC_29_CreateFilterWithMandatoryFieldsWithCancelTest" time="43.716" errors="0" timestamp="2021-10-04T18:37:41 IST" skipped="0">
  <testcase classname="com.crm.autodesk.OpportunitiesTests.TC_29_CreateFilterWithMandatoryFieldsWithCancelTest" name="createFilterWithMandatoryFieldsWithCancelTest" time="22.101"/>
  <system-out/>
  <testcase classname="com.crm.autodesk.OpportunitiesTests.TC_29_CreateFilterWithMandatoryFieldsWithCancelTest" name="createFilterWithMandatoryFieldsWithCancelTest" time="21.615"/>
  <system-out/>
</testsuite> <!-- com.crm.autodesk.OpportunitiesTests.TC_29_CreateFilterWithMandatoryFieldsWithCancelTest -->
