<?xml version="1.0" encoding="UTF-8"?>
<!-- Generated by org.testng.reporters.JUnitReportReporter -->
<testsuite hostname="DESKTOP-FBMB0MM" failures="0" tests="1" name="com.crm.autodesk.OpportunitiesTests.TC_30_CreateFilterafterclickoneEditFilterTest" time="115.231" errors="0" timestamp="2021-10-14T14:02:31 IST" skipped="0">
  <testcase classname="com.crm.autodesk.OpportunitiesTests.TC_30_CreateFilterafterclickoneEditFilterTest" name="createFilterafterclickoneEditFilterTest" time="115.231"/>
  <system-out/>
</testsuite> <!-- com.crm.autodesk.OpportunitiesTests.TC_30_CreateFilterafterclickoneEditFilterTest -->
