<?xml version="1.0" encoding="UTF-8"?>
<!-- Generated by org.testng.reporters.JUnitReportReporter -->
<testsuite hostname="DESKTOP-FBMB0MM" failures="0" tests="2" name="com.crm.autodesk.OpportunitiesTests.TC_30_CreateFilterafterclickoneEditFilterTest" time="59.658" errors="0" timestamp="2021-10-04T18:37:41 IST" skipped="0">
  <testcase classname="com.crm.autodesk.OpportunitiesTests.TC_30_CreateFilterafterclickoneEditFilterTest" name="createFilterafterclickoneEditFilterTest" time="30.015"/>
  <system-out/>
  <testcase classname="com.crm.autodesk.OpportunitiesTests.TC_30_CreateFilterafterclickoneEditFilterTest" name="createFilterafterclickoneEditFilterTest" time="29.643"/>
  <system-out/>
</testsuite> <!-- com.crm.autodesk.OpportunitiesTests.TC_30_CreateFilterafterclickoneEditFilterTest -->
