<?xml version="1.0" encoding="UTF-8"?>
<!-- Generated by org.testng.reporters.JUnitReportReporter -->
<testsuite hostname="DESKTOP-FBMB0MM" failures="0" tests="1" name="com.crm.autodesk.OpportunitiesTests.TC_27_CreateOpportunitiesWithFilterCreatedTest" time="114.864" errors="0" timestamp="2021-10-14T14:02:31 IST" skipped="0">
  <testcase classname="com.crm.autodesk.OpportunitiesTests.TC_27_CreateOpportunitiesWithFilterCreatedTest" name="createOpportunitiesWithFilterCreatedTest" time="114.864"/>
  <system-out/>
</testsuite> <!-- com.crm.autodesk.OpportunitiesTests.TC_27_CreateOpportunitiesWithFilterCreatedTest -->
