<?xml version="1.0" encoding="UTF-8"?>
<!-- Generated by org.testng.reporters.JUnitReportReporter -->
<testsuite hostname="DESKTOP-FBMB0MM" failures="0" tests="1" name="com.crudoperationwithoutBDD.GetAllTheResource" time="2.594" errors="0" timestamp="2021-10-26T18:00:41 IST" skipped="0">
  <testcase classname="com.crudoperationwithoutBDD.GetAllTheResource" name="getAllData" time="2.594"/>
  <system-out/>
</testsuite> <!-- com.crudoperationwithoutBDD.GetAllTheResource -->
