<?xml version="1.0" encoding="UTF-8"?>
<!-- Generated by org.testng.reporters.JUnitReportReporter -->
<testsuite hostname="DESKTOP-FBMB0MM" failures="0" tests="1" name="com.crudoperationwithoutBDD.CreateAResource" time="2.419" errors="0" timestamp="2021-10-26T20:38:24 IST" skipped="0">
  <testcase classname="com.crudoperationwithoutBDD.CreateAResource" name="create" time="2.419"/>
  <system-out/>
</testsuite> <!-- com.crudoperationwithoutBDD.CreateAResource -->
