<?xml version="1.0" encoding="UTF-8"?>
<!-- Generated by org.testng.reporters.JUnitReportReporter -->
<testsuite hostname="DESKTOP-FBMB0MM" failures="0" tests="1" name="com.crm.autodesk.OpportunitiesTests.TC_29_CreateFilterWithMandatoryFieldsWithCancelTest" time="101.391" errors="0" timestamp="2021-10-14T14:02:31 IST" skipped="0">
  <testcase classname="com.crm.autodesk.OpportunitiesTests.TC_29_CreateFilterWithMandatoryFieldsWithCancelTest" name="createFilterWithMandatoryFieldsWithCancelTest" time="101.391"/>
  <system-out/>
</testsuite> <!-- com.crm.autodesk.OpportunitiesTests.TC_29_CreateFilterWithMandatoryFieldsWithCancelTest -->
