<?xml version="1.0" encoding="UTF-8"?>
<!-- Generated by org.testng.reporters.JUnitReportReporter -->
<testsuite hostname="DESKTOP-FBMB0MM" failures="0" tests="2" name="com.crm.autodesk.OpportunitiesTests.TC_28_CreateFilterWithoutMandatoryFieldsWithSaveTest" time="47.658" errors="0" timestamp="2021-10-04T18:37:41 IST" skipped="0">
  <testcase classname="com.crm.autodesk.OpportunitiesTests.TC_28_CreateFilterWithoutMandatoryFieldsWithSaveTest" name="createFilterWithMandatoryFieldsWithoutSaveTest" time="23.845"/>
  <system-out/>
  <testcase classname="com.crm.autodesk.OpportunitiesTests.TC_28_CreateFilterWithoutMandatoryFieldsWithSaveTest" name="createFilterWithMandatoryFieldsWithoutSaveTest" time="23.813"/>
  <system-out/>
</testsuite> <!-- com.crm.autodesk.OpportunitiesTests.TC_28_CreateFilterWithoutMandatoryFieldsWithSaveTest -->
